0 info it worked if it ends with ok
1 verbose cli [ 'D:\\Program Files\\nodejs\\node.exe',
1 verbose cli   'C:\\Users\\limengxiao.ESG\\AppData\\Roaming\\npm\\node_modules\\npm\\bin\\npm-cli.js',
1 verbose cli   'run',
1 verbose cli   'dev' ]
2 info using npm@3.10.10
3 info using node@v8.10.0
4 verbose run-script [ 'predev', 'dev', 'postdev' ]
5 info lifecycle webpack-test@1.0.0~predev: webpack-test@1.0.0
6 silly lifecycle webpack-test@1.0.0~predev: no script for predev, continuing
7 info lifecycle webpack-test@1.0.0~dev: webpack-test@1.0.0
8 verbose lifecycle webpack-test@1.0.0~dev: unsafe-perm in lifecycle true
9 verbose lifecycle webpack-test@1.0.0~dev: PATH: C:\Users\limengxiao.ESG\AppData\Roaming\npm\node_modules\npm\bin\node-gyp-bin;E:\workspaces\shop-online\node_modules\.bin;C:\Program Files (x86)\Common Files\Intel\Shared Libraries\redist\intel64\compiler;D:\Program Files (x86)\ActiveState Komodo IDE 11\;C:\ProgramData\Oracle\Java\javapath;C:\Windows\system32;C:\Windows;C:\Windows\System32\Wbem;C:\Windows\System32\WindowsPowerShell\v1.0\;D:\Program Files\Java\jdk1.8.0_121\bin;D:\Program Files (x86)\MySQL\MySQL Server 5.5\bin;D:\Program Files\TortoiseSVN\bin;D:\Program Files\Git\cmd;C:\Users\limengxiao.ESG\AppData\Roaming\npm\node_modules\cnpm\bin;D:\Program Files (x86)\Yarn\bin;D:\Program Files\nodejs\;D:\Go\bin;D:\Python27;D:\Python27\Scripts;D:\python362\Scripts;D:\apache-maven-3.5.0\bin;D:\Python\Scripts\;D:\Python\;C:\Users\limengxiao.ESG\AppData\Local\Yarn\bin;C:\Users\limengxiao.ESG\AppData\Roaming\npm;D:\goworkspaces\bin
10 verbose lifecycle webpack-test@1.0.0~dev: CWD: E:\workspaces\shop-online
11 silly lifecycle webpack-test@1.0.0~dev: Args: [ '/d /s /c',
11 silly lifecycle   'webpack-dev-server --inline --progress --profile --colors' ]
12 silly lifecycle webpack-test@1.0.0~dev: Returned: code: 1  signal: null
13 info lifecycle webpack-test@1.0.0~dev: Failed to exec dev script
14 verbose stack Error: webpack-test@1.0.0 dev: `webpack-dev-server --inline --progress --profile --colors`
14 verbose stack Exit status 1
14 verbose stack     at EventEmitter.<anonymous> (C:\Users\limengxiao.ESG\AppData\Roaming\npm\node_modules\npm\lib\utils\lifecycle.js:255:16)
14 verbose stack     at emitTwo (events.js:126:13)
14 verbose stack     at EventEmitter.emit (events.js:214:7)
14 verbose stack     at ChildProcess.<anonymous> (C:\Users\limengxiao.ESG\AppData\Roaming\npm\node_modules\npm\lib\utils\spawn.js:40:14)
14 verbose stack     at emitTwo (events.js:126:13)
14 verbose stack     at ChildProcess.emit (events.js:214:7)
14 verbose stack     at maybeClose (internal/child_process.js:925:16)
14 verbose stack     at Process.ChildProcess._handle.onexit (internal/child_process.js:209:5)
15 verbose pkgid webpack-test@1.0.0
16 verbose cwd E:\workspaces\shop-online
17 error Windows_NT 6.1.7601
18 error argv "D:\\Program Files\\nodejs\\node.exe" "C:\\Users\\limengxiao.ESG\\AppData\\Roaming\\npm\\node_modules\\npm\\bin\\npm-cli.js" "run" "dev"
19 error node v8.10.0
20 error npm  v3.10.10
21 error code ELIFECYCLE
22 error webpack-test@1.0.0 dev: `webpack-dev-server --inline --progress --profile --colors`
22 error Exit status 1
23 error Failed at the webpack-test@1.0.0 dev script 'webpack-dev-server --inline --progress --profile --colors'.
23 error Make sure you have the latest version of node.js and npm installed.
23 error If you do, this is most likely a problem with the webpack-test package,
23 error not with npm itself.
23 error Tell the author that this fails on your system:
23 error     webpack-dev-server --inline --progress --profile --colors
23 error You can get information on how to open an issue for this project with:
23 error     npm bugs webpack-test
23 error Or if that isn't available, you can get their info via:
23 error     npm owner ls webpack-test
23 error There is likely additional logging output above.
24 verbose exit [ 1, true ]
